2025-06-24 12:16:53,263 Worker rq:worker:1e0695fbf03d411f8087738a3fef4171 started with PID 4829, version 1.15.1
2025-06-24 12:16:53,263 Subscribing to channel rq:pubsub:1e0695fbf03d411f8087738a3fef4171
2025-06-24 12:16:53,267 *** Listening on home-swarnadip-todo:short, home-swarnadip-todo:default, home-swarnadip-todo:long...
2025-06-24 12:16:53,268 Cleaning registries for queue: home-swarnadip-todo:short
2025-06-24 12:16:53,292 Cleaning registries for queue: home-swarnadip-todo:default
2025-06-24 12:16:53,303 Cleaning registries for queue: home-swarnadip-todo:long
2025-06-24 12:18:55,720 Worker 1e0695fbf03d411f8087738a3fef4171 [PID 4829]: warm shut down requested
2025-06-24 12:19:09,965 Worker rq:worker:d359ac07ef644fd298af6402032bff4f started with PID 5193, version 1.15.1
2025-06-24 12:19:09,965 Subscribing to channel rq:pubsub:d359ac07ef644fd298af6402032bff4f
2025-06-24 12:19:09,968 *** Listening on home-swarnadip-todo:short, home-swarnadip-todo:default, home-swarnadip-todo:long...
2025-06-24 12:20:08,497 home-swarnadip-todo:default: frappe.utils.background_jobs.execute_job(event=None, is_async=True, job_name='frappe.core.doctype.user.user.create_contact', kwargs={'user': <User: swarnadip921@gmail.com>, 'ignore_mandatory': True}, method='frappe.core.doctype.user.user.create_contact', site='todo.local', user='Administrator') (todo.local::c4c4c2ae-7ab6-4768-8cf8-ba0bd99ab4f5)
2025-06-24 12:20:11,043 home-swarnadip-todo:default: Job OK (todo.local::c4c4c2ae-7ab6-4768-8cf8-ba0bd99ab4f5)
2025-06-24 12:20:11,044 Result is kept for 600 seconds
2025-06-24 12:20:11,065 home-swarnadip-todo:default: frappe.utils.background_jobs.execute_job(event=None, is_async=True, job_name='frappe.core.doctype.user.user.update_gravatar', kwargs={'name': 'swarnadip921@gmail.com'}, method='frappe.core.doctype.user.user.update_gravatar', site='todo.local', user='Administrator') (todo.local::3a28eb95-78f4-468f-896b-03ec56c49780)
2025-06-24 12:20:11,847 home-swarnadip-todo:default: Job OK (todo.local::3a28eb95-78f4-468f-896b-03ec56c49780)
2025-06-24 12:20:11,847 Result is kept for 600 seconds
2025-06-24 12:20:11,864 home-swarnadip-todo:default: frappe.utils.background_jobs.execute_job(event=None, is_async=True, job_name='frappe.core.doctype.scheduled_job_type.scheduled_job_type.run_scheduled_jo..., kwargs={'job_type': 'frappe.model.utils.link_count.update_link_count'}, method='frappe.core.doctype.scheduled_job_type.scheduled_job_type.run_scheduled_jo..., site='todo.local', user='Administrator') (todo.local::scheduled_job::frappe.model.utils.link_count.update_link_count)
2025-06-24 12:20:12,746 home-swarnadip-todo:default: Job OK (todo.local::scheduled_job::frappe.model.utils.link_count.update_link_count)
2025-06-24 12:20:12,746 Result is kept for 600 seconds
2025-06-24 12:20:12,763 home-swarnadip-todo:default: frappe.utils.background_jobs.execute_job(event=None, is_async=True, job_name='frappe.core.doctype.scheduled_job_type.scheduled_job_type.run_scheduled_jo..., kwargs={'job_type': 'frappe.monitor.flush'}, method='frappe.core.doctype.scheduled_job_type.scheduled_job_type.run_scheduled_jo..., site='todo.local', user='Administrator') (todo.local::scheduled_job::frappe.monitor.flush)
2025-06-24 12:20:14,243 home-swarnadip-todo:default: Job OK (todo.local::scheduled_job::frappe.monitor.flush)
2025-06-24 12:20:14,243 Result is kept for 600 seconds
2025-06-24 12:20:14,271 home-swarnadip-todo:default: frappe.utils.background_jobs.execute_job(event=None, is_async=True, job_name='frappe.core.doctype.scheduled_job_type.scheduled_job_type.run_scheduled_jo..., kwargs={'job_type': 'frappe.integrations.doctype.google_calendar.google_calendar.s..., method='frappe.core.doctype.scheduled_job_type.scheduled_job_type.run_scheduled_jo..., site='todo.local', user='Administrator') (todo.local::scheduled_job::frappe.integrations.doctype.google_calendar.google_calendar.sync)
2025-06-24 12:20:16,466 home-swarnadip-todo:default: Job OK (todo.local::scheduled_job::frappe.integrations.doctype.google_calendar.google_calendar.sync)
2025-06-24 12:20:16,467 Result is kept for 600 seconds
2025-06-24 12:20:16,513 home-swarnadip-todo:default: frappe.utils.background_jobs.execute_job(event=None, is_async=True, job_name='frappe.core.doctype.scheduled_job_type.scheduled_job_type.run_scheduled_jo..., kwargs={'job_type': 'frappe.automation.doctype.reminder.reminder.send_reminders'}, method='frappe.core.doctype.scheduled_job_type.scheduled_job_type.run_scheduled_jo..., site='todo.local', user='Administrator') (todo.local::scheduled_job::frappe.automation.doctype.reminder.reminder.send_reminders)
2025-06-24 12:20:19,298 home-swarnadip-todo:default: Job OK (todo.local::scheduled_job::frappe.automation.doctype.reminder.reminder.send_reminders)
2025-06-24 12:20:19,299 Result is kept for 600 seconds
2025-06-24 12:20:19,314 home-swarnadip-todo:default: frappe.utils.background_jobs.execute_job(event=None, is_async=True, job_name='frappe.core.doctype.scheduled_job_type.scheduled_job_type.run_scheduled_jo..., kwargs={'job_type': 'frappe.deferred_insert.save_to_db'}, method='frappe.core.doctype.scheduled_job_type.scheduled_job_type.run_scheduled_jo..., site='todo.local', user='Administrator') (todo.local::scheduled_job::frappe.deferred_insert.save_to_db)
2025-06-24 12:20:20,923 home-swarnadip-todo:default: Job OK (todo.local::scheduled_job::frappe.deferred_insert.save_to_db)
2025-06-24 12:20:20,923 Result is kept for 600 seconds
2025-06-24 12:20:20,939 home-swarnadip-todo:default: frappe.utils.background_jobs.execute_job(event=None, is_async=True, job_name='frappe.core.doctype.scheduled_job_type.scheduled_job_type.run_scheduled_jo..., kwargs={'job_type': 'frappe.utils.global_search.sync_global_search'}, method='frappe.core.doctype.scheduled_job_type.scheduled_job_type.run_scheduled_jo..., site='todo.local', user='Administrator') (todo.local::scheduled_job::frappe.utils.global_search.sync_global_search)
2025-06-24 12:20:21,943 home-swarnadip-todo:default: Job OK (todo.local::scheduled_job::frappe.utils.global_search.sync_global_search)
2025-06-24 12:20:21,943 Result is kept for 600 seconds
2025-06-24 12:20:21,958 home-swarnadip-todo:default: frappe.utils.background_jobs.execute_job(event=None, is_async=True, job_name='frappe.core.doctype.scheduled_job_type.scheduled_job_type.run_scheduled_jo..., kwargs={'job_type': 'frappe.email.queue.flush'}, method='frappe.core.doctype.scheduled_job_type.scheduled_job_type.run_scheduled_jo..., site='todo.local', user='Administrator') (todo.local::scheduled_job::frappe.email.queue.flush)
2025-06-24 12:20:22,939 home-swarnadip-todo:default: Job OK (todo.local::scheduled_job::frappe.email.queue.flush)
2025-06-24 12:20:22,940 Result is kept for 600 seconds
2025-06-24 12:20:22,957 home-swarnadip-todo:default: frappe.utils.background_jobs.execute_job(event=None, is_async=True, job_name='frappe.core.doctype.scheduled_job_type.scheduled_job_type.run_scheduled_jo..., kwargs={'job_type': 'frappe.email.doctype.email_account.email_account.pull'}, method='frappe.core.doctype.scheduled_job_type.scheduled_job_type.run_scheduled_jo..., site='todo.local', user='Administrator') (todo.local::scheduled_job::frappe.email.doctype.email_account.email_account.pull)
2025-06-24 12:20:24,131 home-swarnadip-todo:default: Job OK (todo.local::scheduled_job::frappe.email.doctype.email_account.email_account.pull)
2025-06-24 12:20:24,131 Result is kept for 600 seconds
2025-06-24 12:20:24,154 home-swarnadip-todo:default: frappe.utils.background_jobs.execute_job(event=None, is_async=True, job_name='frappe.core.doctype.scheduled_job_type.scheduled_job_type.run_scheduled_jo..., kwargs={'job_type': 'frappe.email.doctype.email_account.email_account.notify_unrep..., method='frappe.core.doctype.scheduled_job_type.scheduled_job_type.run_scheduled_jo..., site='todo.local', user='Administrator') (todo.local::scheduled_job::frappe.email.doctype.email_account.email_account.notify_unreplied)
2025-06-24 12:20:25,434 home-swarnadip-todo:default: Job OK (todo.local::scheduled_job::frappe.email.doctype.email_account.email_account.notify_unreplied)
2025-06-24 12:20:25,434 Result is kept for 600 seconds
2025-06-24 12:22:07,050 home-swarnadip-todo:default: frappe.utils.background_jobs.execute_job(event=None, is_async=True, job_name='frappe.core.doctype.scheduled_job_type.scheduled_job_type.run_scheduled_jo..., kwargs={'job_type': 'frappe.integrations.doctype.google_calendar.google_calendar.s..., method='frappe.core.doctype.scheduled_job_type.scheduled_job_type.run_scheduled_jo..., site='todo.local', user='Administrator') (todo.local::scheduled_job::frappe.integrations.doctype.google_calendar.google_calendar.sync)
2025-06-24 12:22:08,575 home-swarnadip-todo:default: Job OK (todo.local::scheduled_job::frappe.integrations.doctype.google_calendar.google_calendar.sync)
2025-06-24 12:22:08,575 Result is kept for 600 seconds
2025-06-24 12:22:08,594 home-swarnadip-todo:default: frappe.utils.background_jobs.execute_job(event=None, is_async=True, job_name='frappe.core.doctype.scheduled_job_type.scheduled_job_type.run_scheduled_jo..., kwargs={'job_type': 'frappe.monitor.flush'}, method='frappe.core.doctype.scheduled_job_type.scheduled_job_type.run_scheduled_jo..., site='todo.local', user='Administrator') (todo.local::scheduled_job::frappe.monitor.flush)
2025-06-24 12:22:09,328 home-swarnadip-todo:default: Job OK (todo.local::scheduled_job::frappe.monitor.flush)
2025-06-24 12:22:09,329 Result is kept for 600 seconds
2025-06-24 12:22:09,342 home-swarnadip-todo:default: frappe.utils.background_jobs.execute_job(event=None, is_async=True, job_name='frappe.core.doctype.scheduled_job_type.scheduled_job_type.run_scheduled_jo..., kwargs={'job_type': 'frappe.email.queue.flush'}, method='frappe.core.doctype.scheduled_job_type.scheduled_job_type.run_scheduled_jo..., site='todo.local', user='Administrator') (todo.local::scheduled_job::frappe.email.queue.flush)
2025-06-24 12:22:10,381 home-swarnadip-todo:default: Job OK (todo.local::scheduled_job::frappe.email.queue.flush)
2025-06-24 12:22:10,381 Result is kept for 600 seconds
2025-06-24 12:26:00,502 home-swarnadip-todo:default: frappe.utils.background_jobs.execute_job(event=None, is_async=True, job_name='frappe.core.doctype.scheduled_job_type.scheduled_job_type.run_scheduled_jo..., kwargs={'job_type': 'frappe.email.queue.flush'}, method='frappe.core.doctype.scheduled_job_type.scheduled_job_type.run_scheduled_jo..., site='todo.local', user='Administrator') (todo.local::scheduled_job::frappe.email.queue.flush)
2025-06-24 12:26:02,043 home-swarnadip-todo:default: Job OK (todo.local::scheduled_job::frappe.email.queue.flush)
2025-06-24 12:26:02,043 Result is kept for 600 seconds
2025-06-24 12:26:02,059 home-swarnadip-todo:default: frappe.utils.background_jobs.execute_job(event=None, is_async=True, job_name='frappe.core.doctype.scheduled_job_type.scheduled_job_type.run_scheduled_jo..., kwargs={'job_type': 'frappe.integrations.doctype.google_calendar.google_calendar.s..., method='frappe.core.doctype.scheduled_job_type.scheduled_job_type.run_scheduled_jo..., site='todo.local', user='Administrator') (todo.local::scheduled_job::frappe.integrations.doctype.google_calendar.google_calendar.sync)
2025-06-24 12:26:03,232 home-swarnadip-todo:default: Job OK (todo.local::scheduled_job::frappe.integrations.doctype.google_calendar.google_calendar.sync)
2025-06-24 12:26:03,232 Result is kept for 600 seconds
2025-06-24 12:26:03,248 home-swarnadip-todo:default: frappe.utils.background_jobs.execute_job(event=None, is_async=True, job_name='frappe.core.doctype.scheduled_job_type.scheduled_job_type.run_scheduled_jo..., kwargs={'job_type': 'frappe.monitor.flush'}, method='frappe.core.doctype.scheduled_job_type.scheduled_job_type.run_scheduled_jo..., site='todo.local', user='Administrator') (todo.local::scheduled_job::frappe.monitor.flush)
2025-06-24 12:26:04,134 home-swarnadip-todo:default: Job OK (todo.local::scheduled_job::frappe.monitor.flush)
2025-06-24 12:26:04,135 Result is kept for 600 seconds
2025-06-24 12:30:53,346 home-swarnadip-todo:default: frappe.utils.background_jobs.execute_job(event=None, is_async=True, job_name='frappe.core.doctype.scheduled_job_type.scheduled_job_type.run_scheduled_jo..., kwargs={'job_type': 'frappe.utils.global_search.sync_global_search'}, method='frappe.core.doctype.scheduled_job_type.scheduled_job_type.run_scheduled_jo..., site='todo.local', user='Administrator') (todo.local::scheduled_job::frappe.utils.global_search.sync_global_search)
2025-06-24 12:30:54,332 home-swarnadip-todo:default: Job OK (todo.local::scheduled_job::frappe.utils.global_search.sync_global_search)
2025-06-24 12:30:54,333 Result is kept for 600 seconds
2025-06-24 12:30:54,348 home-swarnadip-todo:default: frappe.utils.background_jobs.execute_job(event=None, is_async=True, job_name='frappe.core.doctype.scheduled_job_type.scheduled_job_type.run_scheduled_jo..., kwargs={'job_type': 'frappe.email.doctype.newsletter.newsletter.send_scheduled_ema..., method='frappe.core.doctype.scheduled_job_type.scheduled_job_type.run_scheduled_jo..., site='todo.local', user='Administrator') (todo.local::scheduled_job::frappe.email.doctype.newsletter.newsletter.send_scheduled_email)
2025-06-24 12:30:55,307 home-swarnadip-todo:default: Job OK (todo.local::scheduled_job::frappe.email.doctype.newsletter.newsletter.send_scheduled_email)
2025-06-24 12:30:55,307 Result is kept for 600 seconds
2025-06-24 12:30:55,322 home-swarnadip-todo:default: frappe.utils.background_jobs.execute_job(event=None, is_async=True, job_name='frappe.core.doctype.scheduled_job_type.scheduled_job_type.run_scheduled_jo..., kwargs={'job_type': 'frappe.deferred_insert.save_to_db'}, method='frappe.core.doctype.scheduled_job_type.scheduled_job_type.run_scheduled_jo..., site='todo.local', user='Administrator') (todo.local::scheduled_job::frappe.deferred_insert.save_to_db)
2025-06-24 12:30:56,416 home-swarnadip-todo:default: Job OK (todo.local::scheduled_job::frappe.deferred_insert.save_to_db)
2025-06-24 12:30:56,416 Result is kept for 600 seconds
2025-06-24 12:30:56,430 home-swarnadip-todo:default: frappe.utils.background_jobs.execute_job(event=None, is_async=True, job_name='frappe.core.doctype.scheduled_job_type.scheduled_job_type.run_scheduled_jo..., kwargs={'job_type': 'frappe.email.doctype.email_account.email_account.notify_unrep..., method='frappe.core.doctype.scheduled_job_type.scheduled_job_type.run_scheduled_jo..., site='todo.local', user='Administrator') (todo.local::scheduled_job::frappe.email.doctype.email_account.email_account.notify_unreplied)
2025-06-24 12:30:57,345 home-swarnadip-todo:default: Job OK (todo.local::scheduled_job::frappe.email.doctype.email_account.email_account.notify_unreplied)
2025-06-24 12:30:57,345 Result is kept for 600 seconds
2025-06-24 12:30:57,369 home-swarnadip-todo:default: frappe.utils.background_jobs.execute_job(event=None, is_async=True, job_name='frappe.core.doctype.scheduled_job_type.scheduled_job_type.run_scheduled_jo..., kwargs={'job_type': 'frappe.integrations.doctype.google_calendar.google_calendar.s..., method='frappe.core.doctype.scheduled_job_type.scheduled_job_type.run_scheduled_jo..., site='todo.local', user='Administrator') (todo.local::scheduled_job::frappe.integrations.doctype.google_calendar.google_calendar.sync)
2025-06-24 12:30:58,708 home-swarnadip-todo:default: Job OK (todo.local::scheduled_job::frappe.integrations.doctype.google_calendar.google_calendar.sync)
2025-06-24 12:30:58,708 Result is kept for 600 seconds
2025-06-24 12:30:58,723 home-swarnadip-todo:default: frappe.utils.background_jobs.execute_job(event=None, is_async=True, job_name='frappe.core.doctype.scheduled_job_type.scheduled_job_type.run_scheduled_jo..., kwargs={'job_type': 'frappe.email.queue.flush'}, method='frappe.core.doctype.scheduled_job_type.scheduled_job_type.run_scheduled_jo..., site='todo.local', user='Administrator') (todo.local::scheduled_job::frappe.email.queue.flush)
2025-06-24 12:30:59,716 home-swarnadip-todo:default: Job OK (todo.local::scheduled_job::frappe.email.queue.flush)
2025-06-24 12:30:59,717 Result is kept for 600 seconds
2025-06-24 12:30:59,736 home-swarnadip-todo:default: frappe.utils.background_jobs.execute_job(event=None, is_async=True, job_name='frappe.core.doctype.scheduled_job_type.scheduled_job_type.run_scheduled_jo..., kwargs={'job_type': 'frappe.email.doctype.email_account.email_account.pull'}, method='frappe.core.doctype.scheduled_job_type.scheduled_job_type.run_scheduled_jo..., site='todo.local', user='Administrator') (todo.local::scheduled_job::frappe.email.doctype.email_account.email_account.pull)
2025-06-24 12:31:00,665 home-swarnadip-todo:default: Job OK (todo.local::scheduled_job::frappe.email.doctype.email_account.email_account.pull)
2025-06-24 12:31:00,665 Result is kept for 600 seconds
2025-06-24 12:31:00,682 home-swarnadip-todo:default: frappe.utils.background_jobs.execute_job(event=None, is_async=True, job_name='frappe.core.doctype.scheduled_job_type.scheduled_job_type.run_scheduled_jo..., kwargs={'job_type': 'frappe.monitor.flush'}, method='frappe.core.doctype.scheduled_job_type.scheduled_job_type.run_scheduled_jo..., site='todo.local', user='Administrator') (todo.local::scheduled_job::frappe.monitor.flush)
2025-06-24 12:31:01,442 home-swarnadip-todo:default: Job OK (todo.local::scheduled_job::frappe.monitor.flush)
2025-06-24 12:31:01,442 Result is kept for 600 seconds
2025-06-24 12:31:01,456 home-swarnadip-todo:default: frappe.utils.background_jobs.execute_job(event=None, is_async=True, job_name='frappe.core.doctype.scheduled_job_type.scheduled_job_type.run_scheduled_jo..., kwargs={'job_type': 'frappe.automation.doctype.reminder.reminder.send_reminders'}, method='frappe.core.doctype.scheduled_job_type.scheduled_job_type.run_scheduled_jo..., site='todo.local', user='Administrator') (todo.local::scheduled_job::frappe.automation.doctype.reminder.reminder.send_reminders)
2025-06-24 12:31:02,469 home-swarnadip-todo:default: Job OK (todo.local::scheduled_job::frappe.automation.doctype.reminder.reminder.send_reminders)
2025-06-24 12:31:02,470 Result is kept for 600 seconds
2025-06-24 12:31:02,488 home-swarnadip-todo:default: frappe.utils.background_jobs.execute_job(event=None, is_async=True, job_name='frappe.core.doctype.scheduled_job_type.scheduled_job_type.run_scheduled_jo..., kwargs={'job_type': 'frappe.model.utils.link_count.update_link_count'}, method='frappe.core.doctype.scheduled_job_type.scheduled_job_type.run_scheduled_jo..., site='todo.local', user='Administrator') (todo.local::scheduled_job::frappe.model.utils.link_count.update_link_count)
2025-06-24 12:31:03,431 home-swarnadip-todo:default: Job OK (todo.local::scheduled_job::frappe.model.utils.link_count.update_link_count)
2025-06-24 12:31:03,431 Result is kept for 600 seconds
2025-06-24 12:31:03,450 home-swarnadip-todo:long: frappe.utils.background_jobs.execute_job(event=None, is_async=True, job_name='frappe.core.doctype.scheduled_job_type.scheduled_job_type.run_scheduled_jo..., kwargs={'job_type': 'frappe.oauth.delete_oauth2_data'}, method='frappe.core.doctype.scheduled_job_type.scheduled_job_type.run_scheduled_jo..., site='todo.local', user='Administrator') (todo.local::scheduled_job::frappe.oauth.delete_oauth2_data)
2025-06-24 12:31:04,618 home-swarnadip-todo:long: Job OK (todo.local::scheduled_job::frappe.oauth.delete_oauth2_data)
2025-06-24 12:31:04,618 Result is kept for 600 seconds
2025-06-24 12:31:04,633 home-swarnadip-todo:long: frappe.utils.background_jobs.execute_job(event=None, is_async=True, job_name='frappe.core.doctype.scheduled_job_type.scheduled_job_type.run_scheduled_jo..., kwargs={'job_type': 'frappe.twofactor.delete_all_barcodes_for_users'}, method='frappe.core.doctype.scheduled_job_type.scheduled_job_type.run_scheduled_jo..., site='todo.local', user='Administrator') (todo.local::scheduled_job::frappe.twofactor.delete_all_barcodes_for_users)
2025-06-24 12:31:05,645 home-swarnadip-todo:long: Job OK (todo.local::scheduled_job::frappe.twofactor.delete_all_barcodes_for_users)
2025-06-24 12:31:05,645 Result is kept for 600 seconds
2025-06-24 12:31:05,659 home-swarnadip-todo:long: frappe.utils.background_jobs.execute_job(event=None, is_async=True, job_name='frappe.core.doctype.scheduled_job_type.scheduled_job_type.run_scheduled_jo..., kwargs={'job_type': 'frappe.desk.form.document_follow.send_hourly_updates'}, method='frappe.core.doctype.scheduled_job_type.scheduled_job_type.run_scheduled_jo..., site='todo.local', user='Administrator') (todo.local::scheduled_job::frappe.desk.form.document_follow.send_hourly_updates)
2025-06-24 12:31:06,550 home-swarnadip-todo:long: Job OK (todo.local::scheduled_job::frappe.desk.form.document_follow.send_hourly_updates)
2025-06-24 12:31:06,550 Result is kept for 600 seconds
2025-06-24 12:31:06,577 home-swarnadip-todo:long: frappe.utils.background_jobs.execute_job(event=None, is_async=True, job_name='frappe.core.doctype.scheduled_job_type.scheduled_job_type.run_scheduled_jo..., kwargs={'job_type': 'frappe.model.utils.user_settings.sync_user_settings'}, method='frappe.core.doctype.scheduled_job_type.scheduled_job_type.run_scheduled_jo..., site='todo.local', user='Administrator') (todo.local::scheduled_job::frappe.model.utils.user_settings.sync_user_settings)
2025-06-24 12:31:06,574 home-swarnadip-todo:long: Job OK (todo.local::scheduled_job::frappe.model.utils.user_settings.sync_user_settings)
2025-06-24 12:31:06,574 Result is kept for 600 seconds
2025-06-24 12:31:06,588 home-swarnadip-todo:long: frappe.utils.background_jobs.execute_job(event=None, is_async=True, job_name='frappe.core.doctype.scheduled_job_type.scheduled_job_type.run_scheduled_jo..., kwargs={'job_type': 'frappe.website.doctype.web_page.web_page.check_publish_status..., method='frappe.core.doctype.scheduled_job_type.scheduled_job_type.run_scheduled_jo..., site='todo.local', user='Administrator') (todo.local::scheduled_job::frappe.website.doctype.web_page.web_page.check_publish_status)
2025-06-24 12:31:07,535 home-swarnadip-todo:long: Job OK (todo.local::scheduled_job::frappe.website.doctype.web_page.web_page.check_publish_status)
2025-06-24 12:31:07,535 Result is kept for 600 seconds
2025-06-24 12:31:07,552 home-swarnadip-todo:long: frappe.utils.background_jobs.execute_job(event=None, is_async=True, job_name='frappe.core.doctype.scheduled_job_type.scheduled_job_type.run_scheduled_jo..., kwargs={'job_type': 'frappe.desk.page.backups.backups.delete_downloadable_backups'..., method='frappe.core.doctype.scheduled_job_type.scheduled_job_type.run_scheduled_jo..., site='todo.local', user='Administrator') (todo.local::scheduled_job::frappe.desk.page.backups.backups.delete_downloadable_backups)
2025-06-24 12:31:08,363 home-swarnadip-todo:long: Job OK (todo.local::scheduled_job::frappe.desk.page.backups.backups.delete_downloadable_backups)
2025-06-24 12:31:08,364 Result is kept for 600 seconds
2025-06-24 12:31:08,377 home-swarnadip-todo:long: frappe.utils.background_jobs.execute_job(event=None, is_async=True, job_name='frappe.core.doctype.scheduled_job_type.scheduled_job_type.run_scheduled_jo..., kwargs={'job_type': 'frappe.website.doctype.personal_data_deletion_request.persona..., method='frappe.core.doctype.scheduled_job_type.scheduled_job_type.run_scheduled_jo..., site='todo.local', user='Administrator') (todo.local::scheduled_job::frappe.website.doctype.personal_data_deletion_request.personal_data_deletion_request.process_data_deletion_request)
2025-06-24 12:31:09,239 home-swarnadip-todo:long: Job OK (todo.local::scheduled_job::frappe.website.doctype.personal_data_deletion_request.personal_data_deletion_request.process_data_deletion_request)
2025-06-24 12:31:09,239 Result is kept for 600 seconds
2025-06-24 12:31:09,253 home-swarnadip-todo:long: frappe.utils.background_jobs.execute_job(event=None, is_async=True, job_name='frappe.core.doctype.scheduled_job_type.scheduled_job_type.run_scheduled_jo..., kwargs={'job_type': 'frappe.core.doctype.prepared_report.prepared_report.expire_st..., method='frappe.core.doctype.scheduled_job_type.scheduled_job_type.run_scheduled_jo..., site='todo.local', user='Administrator') (todo.local::scheduled_job::frappe.core.doctype.prepared_report.prepared_report.expire_stalled_report)
2025-06-24 12:31:10,013 home-swarnadip-todo:long: Job OK (todo.local::scheduled_job::frappe.core.doctype.prepared_report.prepared_report.expire_stalled_report)
2025-06-24 12:31:10,014 Result is kept for 600 seconds
2025-06-24 12:34:46,700 home-swarnadip-todo:default: frappe.utils.background_jobs.execute_job(event=None, is_async=True, job_name='frappe.core.doctype.scheduled_job_type.scheduled_job_type.run_scheduled_jo..., kwargs={'job_type': 'frappe.monitor.flush'}, method='frappe.core.doctype.scheduled_job_type.scheduled_job_type.run_scheduled_jo..., site='todo.local', user='Administrator') (todo.local::scheduled_job::frappe.monitor.flush)
2025-06-24 12:34:47,538 home-swarnadip-todo:default: Job OK (todo.local::scheduled_job::frappe.monitor.flush)
2025-06-24 12:34:47,539 Result is kept for 600 seconds
2025-06-24 12:34:47,554 home-swarnadip-todo:default: frappe.utils.background_jobs.execute_job(event=None, is_async=True, job_name='frappe.core.doctype.scheduled_job_type.scheduled_job_type.run_scheduled_jo..., kwargs={'job_type': 'frappe.email.queue.flush'}, method='frappe.core.doctype.scheduled_job_type.scheduled_job_type.run_scheduled_jo..., site='todo.local', user='Administrator') (todo.local::scheduled_job::frappe.email.queue.flush)
2025-06-24 12:34:48,612 home-swarnadip-todo:default: Job OK (todo.local::scheduled_job::frappe.email.queue.flush)
2025-06-24 12:34:48,612 Result is kept for 600 seconds
2025-06-24 12:34:48,633 home-swarnadip-todo:default: frappe.utils.background_jobs.execute_job(event=None, is_async=True, job_name='frappe.core.doctype.scheduled_job_type.scheduled_job_type.run_scheduled_jo..., kwargs={'job_type': 'frappe.integrations.doctype.google_calendar.google_calendar.s..., method='frappe.core.doctype.scheduled_job_type.scheduled_job_type.run_scheduled_jo..., site='todo.local', user='Administrator') (todo.local::scheduled_job::frappe.integrations.doctype.google_calendar.google_calendar.sync)
2025-06-24 12:34:50,157 home-swarnadip-todo:default: Job OK (todo.local::scheduled_job::frappe.integrations.doctype.google_calendar.google_calendar.sync)
2025-06-24 12:34:50,158 Result is kept for 600 seconds
2025-06-24 12:38:40,709 home-swarnadip-todo:default: frappe.utils.background_jobs.execute_job(event=None, is_async=True, job_name='frappe.core.doctype.scheduled_job_type.scheduled_job_type.run_scheduled_jo..., kwargs={'job_type': 'frappe.integrations.doctype.google_calendar.google_calendar.s..., method='frappe.core.doctype.scheduled_job_type.scheduled_job_type.run_scheduled_jo..., site='todo.local', user='Administrator') (todo.local::scheduled_job::frappe.integrations.doctype.google_calendar.google_calendar.sync)
2025-06-24 12:38:42,079 home-swarnadip-todo:default: Job OK (todo.local::scheduled_job::frappe.integrations.doctype.google_calendar.google_calendar.sync)
2025-06-24 12:38:42,079 Result is kept for 600 seconds
2025-06-24 12:38:42,101 home-swarnadip-todo:default: frappe.utils.background_jobs.execute_job(event=None, is_async=True, job_name='frappe.core.doctype.scheduled_job_type.scheduled_job_type.run_scheduled_jo..., kwargs={'job_type': 'frappe.email.queue.flush'}, method='frappe.core.doctype.scheduled_job_type.scheduled_job_type.run_scheduled_jo..., site='todo.local', user='Administrator') (todo.local::scheduled_job::frappe.email.queue.flush)
2025-06-24 12:38:43,174 home-swarnadip-todo:default: Job OK (todo.local::scheduled_job::frappe.email.queue.flush)
2025-06-24 12:38:43,174 Result is kept for 600 seconds
2025-06-24 12:38:43,194 home-swarnadip-todo:default: frappe.utils.background_jobs.execute_job(event=None, is_async=True, job_name='frappe.core.doctype.scheduled_job_type.scheduled_job_type.run_scheduled_jo..., kwargs={'job_type': 'frappe.monitor.flush'}, method='frappe.core.doctype.scheduled_job_type.scheduled_job_type.run_scheduled_jo..., site='todo.local', user='Administrator') (todo.local::scheduled_job::frappe.monitor.flush)
2025-06-24 12:38:44,033 home-swarnadip-todo:default: Job OK (todo.local::scheduled_job::frappe.monitor.flush)
2025-06-24 12:38:44,033 Result is kept for 600 seconds
2025-06-24 12:40:37,363 home-swarnadip-todo:default: frappe.utils.background_jobs.execute_job(event=None, is_async=True, job_name='frappe.core.doctype.scheduled_job_type.scheduled_job_type.run_scheduled_jo..., kwargs={'job_type': 'frappe.email.doctype.email_account.email_account.pull'}, method='frappe.core.doctype.scheduled_job_type.scheduled_job_type.run_scheduled_jo..., site='todo.local', user='Administrator') (todo.local::scheduled_job::frappe.email.doctype.email_account.email_account.pull)
2025-06-24 12:40:38,700 home-swarnadip-todo:default: Job OK (todo.local::scheduled_job::frappe.email.doctype.email_account.email_account.pull)
2025-06-24 12:40:38,700 Result is kept for 600 seconds
2025-06-24 12:42:34,750 home-swarnadip-todo:default: frappe.utils.background_jobs.execute_job(event=None, is_async=True, job_name='frappe.core.doctype.scheduled_job_type.scheduled_job_type.run_scheduled_jo..., kwargs={'job_type': 'frappe.email.queue.flush'}, method='frappe.core.doctype.scheduled_job_type.scheduled_job_type.run_scheduled_jo..., site='todo.local', user='Administrator') (todo.local::scheduled_job::frappe.email.queue.flush)
2025-06-24 12:42:35,675 home-swarnadip-todo:default: Job OK (todo.local::scheduled_job::frappe.email.queue.flush)
2025-06-24 12:42:35,676 Result is kept for 600 seconds
2025-06-24 12:42:35,690 Cleaning registries for queue: home-swarnadip-todo:short
2025-06-24 12:42:35,694 Cleaning registries for queue: home-swarnadip-todo:default
2025-06-24 12:42:35,696 Cleaning registries for queue: home-swarnadip-todo:long
2025-06-24 12:42:35,702 home-swarnadip-todo:default: frappe.utils.background_jobs.execute_job(event=None, is_async=True, job_name='frappe.core.doctype.scheduled_job_type.scheduled_job_type.run_scheduled_jo..., kwargs={'job_type': 'frappe.integrations.doctype.google_calendar.google_calendar.s..., method='frappe.core.doctype.scheduled_job_type.scheduled_job_type.run_scheduled_jo..., site='todo.local', user='Administrator') (todo.local::scheduled_job::frappe.integrations.doctype.google_calendar.google_calendar.sync)
2025-06-24 12:42:35,877 home-swarnadip-todo:default: Job OK (todo.local::scheduled_job::frappe.integrations.doctype.google_calendar.google_calendar.sync)
2025-06-24 12:42:35,878 Result is kept for 600 seconds
2025-06-24 12:42:35,893 home-swarnadip-todo:default: frappe.utils.background_jobs.execute_job(event=None, is_async=True, job_name='frappe.core.doctype.scheduled_job_type.scheduled_job_type.run_scheduled_jo..., kwargs={'job_type': 'frappe.monitor.flush'}, method='frappe.core.doctype.scheduled_job_type.scheduled_job_type.run_scheduled_jo..., site='todo.local', user='Administrator') (todo.local::scheduled_job::frappe.monitor.flush)
2025-06-24 12:42:36,721 home-swarnadip-todo:default: Job OK (todo.local::scheduled_job::frappe.monitor.flush)
2025-06-24 12:42:36,722 Result is kept for 600 seconds
2025-06-24 12:45:29,821 home-swarnadip-todo:default: frappe.utils.background_jobs.execute_job(event=None, is_async=True, job_name='frappe.core.doctype.scheduled_job_type.scheduled_job_type.run_scheduled_jo..., kwargs={'job_type': 'frappe.model.utils.link_count.update_link_count'}, method='frappe.core.doctype.scheduled_job_type.scheduled_job_type.run_scheduled_jo..., site='todo.local', user='Administrator') (todo.local::scheduled_job::frappe.model.utils.link_count.update_link_count)
2025-06-24 12:45:30,717 home-swarnadip-todo:default: Job OK (todo.local::scheduled_job::frappe.model.utils.link_count.update_link_count)
2025-06-24 12:45:30,718 Result is kept for 600 seconds
2025-06-24 12:45:30,732 home-swarnadip-todo:default: frappe.utils.background_jobs.execute_job(event=None, is_async=True, job_name='frappe.core.doctype.scheduled_job_type.scheduled_job_type.run_scheduled_jo..., kwargs={'job_type': 'frappe.email.doctype.email_account.email_account.notify_unrep..., method='frappe.core.doctype.scheduled_job_type.scheduled_job_type.run_scheduled_jo..., site='todo.local', user='Administrator') (todo.local::scheduled_job::frappe.email.doctype.email_account.email_account.notify_unreplied)
2025-06-24 12:45:31,664 home-swarnadip-todo:default: Job OK (todo.local::scheduled_job::frappe.email.doctype.email_account.email_account.notify_unreplied)
2025-06-24 12:45:31,664 Result is kept for 600 seconds
2025-06-24 12:45:31,677 home-swarnadip-todo:default: frappe.utils.background_jobs.execute_job(event=None, is_async=True, job_name='frappe.core.doctype.scheduled_job_type.scheduled_job_type.run_scheduled_jo..., kwargs={'job_type': 'frappe.utils.global_search.sync_global_search'}, method='frappe.core.doctype.scheduled_job_type.scheduled_job_type.run_scheduled_jo..., site='todo.local', user='Administrator') (todo.local::scheduled_job::frappe.utils.global_search.sync_global_search)
2025-06-24 12:45:32,325 home-swarnadip-todo:default: Job OK (todo.local::scheduled_job::frappe.utils.global_search.sync_global_search)
2025-06-24 12:45:32,325 Result is kept for 600 seconds
2025-06-24 12:45:32,338 home-swarnadip-todo:default: frappe.utils.background_jobs.execute_job(event=None, is_async=True, job_name='frappe.core.doctype.scheduled_job_type.scheduled_job_type.run_scheduled_jo..., kwargs={'job_type': 'frappe.deferred_insert.save_to_db'}, method='frappe.core.doctype.scheduled_job_type.scheduled_job_type.run_scheduled_jo..., site='todo.local', user='Administrator') (todo.local::scheduled_job::frappe.deferred_insert.save_to_db)
2025-06-24 12:45:33,161 home-swarnadip-todo:default: Job OK (todo.local::scheduled_job::frappe.deferred_insert.save_to_db)
2025-06-24 12:45:33,162 Result is kept for 600 seconds
2025-06-24 12:45:33,175 home-swarnadip-todo:default: frappe.utils.background_jobs.execute_job(event=None, is_async=True, job_name='frappe.core.doctype.scheduled_job_type.scheduled_job_type.run_scheduled_jo..., kwargs={'job_type': 'frappe.automation.doctype.reminder.reminder.send_reminders'}, method='frappe.core.doctype.scheduled_job_type.scheduled_job_type.run_scheduled_jo..., site='todo.local', user='Administrator') (todo.local::scheduled_job::frappe.automation.doctype.reminder.reminder.send_reminders)
2025-06-24 12:45:33,985 home-swarnadip-todo:default: Job OK (todo.local::scheduled_job::frappe.automation.doctype.reminder.reminder.send_reminders)
2025-06-24 12:45:33,985 Result is kept for 600 seconds
2025-06-24 12:46:05,135 Worker d359ac07ef644fd298af6402032bff4f [PID 5193]: warm shut down requested
2025-06-24 12:46:05,141 Unsubscribing from channel rq:pubsub:d359ac07ef644fd298af6402032bff4f
